<?xml version="1.0" encoding="UTF-8"?>
<!-- Generated by org.testng.reporters.JUnitReportReporter -->
<testsuite name="healthdirect.SearchTest" tests="1" time="11.641" ignored="0" failures="0" timestamp="06 Aug 2017 08:02:56 GMT" skipped="0" hostname="Santoshs-MacBook-Pro.local" errors="0">
  <testcase name="VerifySearch" time="11.641" classname="healthdirect.SearchTest"/>
</testsuite> <!-- healthdirect.SearchTest -->
